make.exe all --print-data-base --no-builtin-variables --no-builtin-rules --question
make: *** No rule to make target 'all'.  Stop.

# GNU Make 4.4.1
# Built for Windows32
# Copyright (C) 1988-2023 Free Software Foundation, Inc.
# License GPLv3+: GNU GPL version 3 or later <https://gnu.org/licenses/gpl.html>
# This is free software: you are free to change and redistribute it.
# There is NO WARRANTY, to the extent permitted by law.

# Make data base, printed on Wed Sep 25 17:20:49 2024

# Variables

# environment
FPS_BROWSER_APP_PROFILE_STRING = Internet Explorer
# environment
SYSTEMDRIVE = C:
# environment
LC_ALL = C
# environment
USERPROFILE = C:\Users\C4erries
# environment
DEVECOSTUDIO_VM_OPTIONS = F:\WebStorm\jetbra\vmoptions\devecostudio.vmoptions
# environment
LOCALAPPDATA = C:\Users\C4erries\AppData\Local
# environment
VSCODE_CRASH_REPORTER_PROCESS_TYPE = extensionHost
# environment
VSCODE_CWD = C:\Users\C4erries\AppData\Local\Programs\Microsoft VS Code
# environment
SYSTEMROOT = C:\WINDOWS
# environment
PROCESSOR_LEVEL = 23
# environment
PSMODULEPATH = C:\Program Files\WindowsPowerShell\Modules;C:\WINDOWS\system32\WindowsPowerShell\v1.0\Modules
# default
MAKE_COMMAND := make.exe
# environment
GOPATH = C:\Users\C4erries\go
# automatic
@D = $(patsubst %/,%,$(patsubst %\,%,$(dir $@)))
# environment
CHROME_CRASHPAD_PIPE_NAME = \\.\pipe\crashpad_6496_RRLNGYRLPEJPKNLR
# environment
STUDIO_VM_OPTIONS = F:\WebStorm\jetbra\vmoptions\studio.vmoptions
# environment
FPS_BROWSER_USER_PROFILE_STRING = Default
# environment
VSCODE_HANDLES_UNCAUGHT_ERRORS = true
# default
.VARIABLES := 
# automatic
%D = $(patsubst %/,%,$(patsubst %\,%,$(dir $%)))
# automatic
^D = $(patsubst %/,%,$(patsubst %\,%,$(dir $^)))
# automatic
%F = $(notdir $%)
# environment
VSCODE_CODE_CACHE_PATH = C:\Users\C4erries\AppData\Roaming\Code\CachedData\38c31bc77e0dd6ae88a4e9cc93428cc27a56ba40
# environment
LANG = C
# default
.LOADED := 
# environment
TMP = C:\Users\C4erries\AppData\Local\Temp
# default
.INCLUDE_DIRS := .
# makefile
MAKEFLAGS = pqrR
# environment
GOLAND_VM_OPTIONS = F:\WebStorm\jetbra\vmoptions\goland.vmoptions
# environment
ONEDRIVE = C:\Users\C4erries\OneDrive
# makefile
CURDIR := c:/Users/C4erries/prj/raptor-proto
# environment
APPLICATION_INSIGHTS_NO_DIAGNOSTIC_CHANNEL = true
# automatic
*D = $(patsubst %/,%,$(patsubst %\,%,$(dir $*)))
# environment
PROGRAMFILES = C:\Program Files
# environment
JETBRAINSCLIENT_VM_OPTIONS = F:\WebStorm\jetbra\vmoptions\jetbrainsclient.vmoptions
# environment
MFLAGS = -pqrR
# default
.SHELLFLAGS := -c
# environment
COMMONPROGRAMW6432 = C:\Program Files\Common Files
# automatic
+D = $(patsubst %/,%,$(patsubst %\,%,$(dir $+)))
# makefile (from 'Makefile', line 1)
MAKEFILE_LIST := Makefile
# automatic
@F = $(notdir $@)
# environment
VSCODE_PID = 6496
# automatic
?D = $(patsubst %/,%,$(patsubst %\,%,$(dir $?)))
# environment
CLION_VM_OPTIONS = F:\WebStorm\jetbra\vmoptions\clion.vmoptions
# automatic
*F = $(notdir $*)
# environment
APPCODE_VM_OPTIONS = F:\WebStorm\jetbra\vmoptions\appcode.vmoptions
# automatic
<D = $(patsubst %/,%,$(patsubst %\,%,$(dir $<)))
# environment
VSCODE_NLS_CONFIG = {"userLocale":"en-us","osLocale":"ru","resolvedLanguage":"en","defaultMessagesFile":"C:\\Users\\C4erries\\AppData\\Local\\Programs\\Microsoft VS Code\\resources\\app\\out\\nls.messages.json","locale":"en-us","availableLanguages":{}}
# environment
AMDRMPATH = C:\Program Files\AMD\RyzenMaster\
# environment
ONEDRIVECONSUMER = C:\Users\C4erries\OneDrive
# default
MAKE_HOST := Windows32
# environment
PROGRAMDATA = C:\ProgramData
# default
SHELL := sh.exe
# environment
HOMEPATH = \Users\C4erries
# default
MAKECMDGOALS := all
# environment
DRIVERDATA = C:\Windows\System32\Drivers\DriverData
# environment
COMSPEC = C:\WINDOWS\system32\cmd.exe
# environment
WINDIR = C:\WINDOWS
# environment
PHPSTORM_VM_OPTIONS = F:\WebStorm\jetbra\vmoptions\phpstorm.vmoptions
# environment
RUBYMINE_VM_OPTIONS = F:\WebStorm\jetbra\vmoptions\rubymine.vmoptions
# environment
MAKELEVEL := 0
# default
MAKE = $(MAKE_COMMAND)
# environment
PATH = C:\Program Files (x86)\Common Files\Oracle\Java\javapath;C:\ProgramData\Oracle\Java\javapath;C:\WINDOWS\system32;C:\WINDOWS;C:\WINDOWS\System32\Wbem;C:\WINDOWS\System32\WindowsPowerShell\v1.0\;C:\WINDOWS\System32\OpenSSH\;C:\Program Files\Git\cmd;C:\Program Files\SourceGear\Common\DiffMerge\;C:\Program Files\nodejs\;C:\Program Files\dotnet\;C:\Program Files\Wolfram Research\WolframScript\;F:\Windows Kits\10\Windows Performance Toolkit\;C:\Program Files\Go\bin;C:\TDM-GCC-64\bin;C:\protoc-28.0-win64\bin;;C:\Program Files\Docker\Docker\resources\bin;C:\Users\C4erries\scoop\shims;C:\Users\C4erries\AppData\Local\Programs\Python\Scripts\;C:\Users\C4erries\AppData\Local\Programs\Python\;C:\Users\04Sha\AppData\Local\Programs\Python\Python311\Scripts\;C:\Users\04Sha\AppData\Local\Programs\Python\Python311\;C:\Users\C4erries\AppData\Local\Microsoft\WindowsApps;C:\Program Files\JetBrains\PyCharm Community Edition 2022.3.3\bin;;C:\Users\C4erries\AppData\Local\GitHubDesktop\bin;C:\Users\C4erries\AppData\Roaming\npm;C:\Users\C4erries\.dotnet\tools;C:\Users\C4erries\AppData\Local\Programs\Microsoft VS Code\bin;C:\Users\C4erries\go\bin;C:\msys64\mingw64\bin;
# environment
COMPUTERNAME = NIGMA
# default
MAKEFILES := 
# automatic
^F = $(notdir $^)
# environment
PROMPT = $P$G
# environment
WEBIDE_VM_OPTIONS = F:\WebStorm\jetbra\vmoptions\webide.vmoptions
# environment
PYCHARM_VM_OPTIONS = F:\WebStorm\jetbra\vmoptions\pycharm.vmoptions
# environment
RIDER_VM_OPTIONS = F:\WebStorm\jetbra\vmoptions\rider.vmoptions
# environment
IDEA_VM_OPTIONS = F:\WebStorm\jetbra\vmoptions\idea.vmoptions
# environment
LOGONSERVER = \\NIGMA
# environment
USERNAME = C4erries
# environment
COMMONPROGRAMFILES = C:\Program Files\Common Files
# automatic
?F = $(notdir $?)
# environment
PROGRAMW6432 = C:\Program Files
# environment
DATAGRIP_VM_OPTIONS = F:\WebStorm\jetbra\vmoptions\datagrip.vmoptions
# environment
PATHEXT = .COM;.EXE;.BAT;.CMD;.VBS;.VBE;.JS;.JSE;.WSF;.WSH;.MSC
# environment
WEBSTORM_VM_OPTIONS = F:\WebStorm\jetbra\vmoptions\webstorm.vmoptions
# automatic
+F = $(notdir $+)
# environment
ORIGINAL_XDG_CURRENT_DESKTOP = undefined
# environment
USERDOMAIN = NIGMA
# 'override' directive
GNUMAKEFLAGS := 
# environment
OS = Windows_NT
# environment
DATASPELL_VM_OPTIONS = F:\WebStorm\jetbra\vmoptions\dataspell.vmoptions
# makefile (from 'Makefile', line 7)
.DEFAULT_GOAL := proto
# default
MAKE_VERSION := 4.4.1
# environment
PROGRAMFILES(X86) = C:\Program Files (x86)
# environment
USERDOMAIN_ROAMINGPROFILE = NIGMA
# environment
NUMBER_OF_PROCESSORS = 12
# environment
PUBLIC = C:\Users\Public
# environment
JETBRAINS_CLIENT_VM_OPTIONS = F:\WebStorm\jetbra\vmoptions\jetbrains_client.vmoptions
# environment
APPDATA = C:\Users\C4erries\AppData\Roaming
# environment
HOMEDRIVE = C:
# environment
PROCESSOR_ARCHITECTURE = AMD64
# environment
PYCHARM COMMUNITY EDITION = C:\Program Files\JetBrains\PyCharm Community Edition 2022.3.3\bin;
# environment
EFC_9396 = 1
# environment
VSCODE_AMD_ENTRYPOINT = vs/workbench/api/node/extensionHostProcess
# environment
COMMONPROGRAMFILES(X86) = C:\Program Files (x86)\Common Files
# environment
ELECTRON_RUN_AS_NODE = 1
# environment
TEMP = C:\Users\C4erries\AppData\Local\Temp
# environment
VSCODE_IPC_HOOK = \\.\pipe\129510a1-1.93.1-main-sock
# default
.RECIPEPREFIX := 
# automatic
<F = $(notdir $<)
# default
SUFFIXES := 
# environment
ALLUSERSPROFILE = C:\ProgramData
# environment
SESSIONNAME = Console
# default
.FEATURES := target-specific order-only second-expansion else-if shortest-stem undefine oneshell nocomment grouped-target extra-prereqs notintermediate shell-export archives jobserver output-sync load dospaths
# environment
PROCESSOR_REVISION = 7100
# environment
GATEWAY_VM_OPTIONS = F:\WebStorm\jetbra\vmoptions\gateway.vmoptions
# environment
PROCESSOR_IDENTIFIER = AMD64 Family 23 Model 113 Stepping 0, AuthenticAMD
# variable set hash-table stats:
# Load=111/1024=11%, Rehash=0, Collisions=12/140=9%

# Pattern-specific Variable Values

# No pattern-specific variable values.

# Directories

# . (key c:/Users/C4erries/prj/raptor-proto, mtime 1727272187): 10 files, no impossibilities.

# 10 files, no impossibilities in 1 directories.

# Implicit Rules

# No implicit rules.

# Files

proto:
#  Phony target (prerequisite of .PHONY).
#  Implicit rule search has not been done.
#  File does not exist.
#  File has not been updated.
#  recipe to execute (from 'Makefile', line 3):
		protoc -I orderpb orderpb/order.proto --go_out=./orderpb/ --go_opt=paths=source_relative --go-grpc_out=./orderpb/ --go-grpc_opt=paths=source_relative
		protoc -I userpb userpb/user.proto --go_out=./userpb/ --go_opt=paths=source_relative --go-grpc_out=./userpb/ --go-grpc_opt=paths=source_relative
		protoc -I productpb productpb/product.proto --go_out=./productpb/ --go_opt=paths=source_relative --go-grpc_out=./productpb/ --go-grpc_opt=paths=source_relative
		

# Not a target:
Makefile:
#  Implicit rule search has been done.
#  File is secondary (prerequisite of .SECONDARY).
#  Last modified 2024-09-22 18:44:50
#  File has been updated.
#  Successfully updated.

# Not a target:
.DEFAULT:
#  Implicit rule search has not been done.
#  Modification time never checked.
#  File has not been updated.

# Not a target:
all:
#  Command line target.
#  Implicit rule search has been done.
#  File does not exist.
#  File has not been updated.

.PHONY: proto
#  Implicit rule search has not been done.
#  Modification time never checked.
#  File has not been updated.

# files hash-table stats:
# Load=6/1024=1%, Rehash=0, Collisions=0/19=0%
# VPATH Search Paths

# No 'vpath' search paths.

# No general ('VPATH' variable) search path.

# strcache buffers: 1 (0) / strings = 15 / storage = 102 B / avg = 6 B
# current buf: size = 8162 B / used = 102 B / count = 15 / avg = 6 B

# strcache performance: lookups = 22 / hit rate = 31%
# hash-table stats:
# Load=15/8192=0%, Rehash=0, Collisions=0/22=0%
# Finished Make data base on Wed Sep 25 17:20:49 2024

 
